<?xml version="1.0" encoding="UTF-8"?>
<testng-results skipped="0" failed="0" total="1" passed="1">
  <reporter-output>
  </reporter-output>
  <suite name="Default suite" duration-ms="50" started-at="2016-08-01T10:49:58Z" finished-at="2016-08-01T10:49:58Z">
    <groups>
    </groups>
    <test name="Default test" duration-ms="50" started-at="2016-08-01T10:49:58Z" finished-at="2016-08-01T10:49:58Z">
      <class name="sampleTestNG">
        <test-method status="PASS" signature="beforeMethod()[pri:0, instance:sampleTestNG@1857eeb]" name="beforeMethod" is-config="true" duration-ms="16" started-at="2016-08-01T16:19:58Z" finished-at="2016-08-01T16:19:58Z">
          <reporter-output>
          </reporter-output>
        </test-method> <!-- beforeMethod -->
        <test-method status="PASS" signature="method()[pri:0, instance:sampleTestNG@1857eeb]" name="method" duration-ms="10" started-at="2016-08-01T16:19:58Z" finished-at="2016-08-01T16:19:58Z">
          <reporter-output>
          </reporter-output>
        </test-method> <!-- method -->
        <test-method status="PASS" signature="afterMethod()[pri:0, instance:sampleTestNG@1857eeb]" name="afterMethod" is-config="true" duration-ms="1" started-at="2016-08-01T16:19:58Z" finished-at="2016-08-01T16:19:58Z">
          <reporter-output>
          </reporter-output>
        </test-method> <!-- afterMethod -->
      </class> <!-- sampleTestNG -->
    </test> <!-- Default test -->
  </suite> <!-- Default suite -->
</testng-results>
